{
  meta: {},
  level: 'warn',
  message: 'GET /api/fx/users/user 404 4ms',
  label: 'right meow!',
  timestamp: '2024-06-20 06:52:01'
}
{
  meta: {},
  level: 'warn',
  message: 'GET /api/fx/users/getUser 404 2ms',
  label: 'right meow!',
  timestamp: '2024-06-20 06:52:10'
}
{
  meta: {},
  level: 'warn',
  message: 'GET /api/fx/users/getUser/ 404 1ms',
  label: 'right meow!',
  timestamp: '2024-06-20 06:52:16'
}
{
  meta: {},
  level: 'warn',
  message: 'GET /api/fx/getUser/ 404 0ms',
  label: 'right meow!',
  timestamp: '2024-06-20 06:52:32'
}
{
  meta: {},
  level: 'warn',
  message: 'GET /api/fx/getUser/ 404 0ms',
  label: 'right meow!',
  timestamp: '2024-06-20 06:52:34'
}
{
  meta: {},
  level: 'warn',
  message: 'GET /api/fx/getUser 404 1ms',
  label: 'right meow!',
  timestamp: '2024-06-20 06:52:36'
}
{
  meta: {},
  level: 'info',
  message: 'GET /api/fx/getUsers 200 85ms',
  label: 'right meow!',
  timestamp: '2024-06-20 06:52:44'
}
